[2025-02-14T08:58:05.774+0000] {manager.py:483} INFO - Processing files using up to 2 processes at a time 
[2025-02-14T08:58:05.777+0000] {manager.py:484} INFO - Process each file at most once every 30 seconds
[2025-02-14T08:58:05.780+0000] {manager.py:485} INFO - Checking for new files in /opt/airflow/dags every 300 seconds
[2025-02-14T08:58:05.788+0000] {manager.py:821} INFO - Searching for files in /opt/airflow/dags
[2025-02-14T08:58:05.795+0000] {manager.py:824} INFO - There are 0 files in /opt/airflow/dags
[2025-02-14T09:03:07.135+0000] {manager.py:821} INFO - Searching for files in /opt/airflow/dags
[2025-02-14T09:03:07.464+0000] {manager.py:824} INFO - There are 0 files in /opt/airflow/dags
[2025-02-14T09:08:07.520+0000] {manager.py:821} INFO - Searching for files in /opt/airflow/dags
[2025-02-14T09:08:07.654+0000] {manager.py:824} INFO - There are 1 files in /opt/airflow/dags
[2025-02-14T09:08:13.370+0000] {manager.py:997} INFO - 
================================================================================
DAG File Processing Stats

File Path                          PID    Runtime      # DAGs    # Errors  Last Runtime    Last Run               Last # of DB Queries
---------------------------------  -----  ---------  --------  ----------  --------------  -------------------  ----------------------
/opt/airflow/dags/new_approach.py                           0           1  1.03s           2025-02-14T09:08:09                       3
================================================================================
[2025-02-14T09:08:43.636+0000] {manager.py:997} INFO - 
================================================================================
DAG File Processing Stats

File Path                          PID    Runtime      # DAGs    # Errors  Last Runtime    Last Run               Last # of DB Queries
---------------------------------  -----  ---------  --------  ----------  --------------  -------------------  ----------------------
/opt/airflow/dags/new_approach.py                           0           1  0.10s           2025-02-14T09:08:39                       5
================================================================================
[2025-02-14T09:09:13.994+0000] {manager.py:997} INFO - 
================================================================================
DAG File Processing Stats

File Path                          PID    Runtime      # DAGs    # Errors  Last Runtime    Last Run               Last # of DB Queries
---------------------------------  -----  ---------  --------  ----------  --------------  -------------------  ----------------------
/opt/airflow/dags/new_approach.py                           0           1  0.13s           2025-02-14T09:08:51                       5
================================================================================
[2025-02-14T09:09:44.226+0000] {manager.py:997} INFO - 
================================================================================
DAG File Processing Stats

File Path                          PID    Runtime      # DAGs    # Errors  Last Runtime    Last Run               Last # of DB Queries
---------------------------------  -----  ---------  --------  ----------  --------------  -------------------  ----------------------
/opt/airflow/dags/new_approach.py                           0           1  0.10s           2025-02-14T09:09:22                       5
================================================================================
[2025-02-14T09:10:14.522+0000] {manager.py:997} INFO - 
================================================================================
DAG File Processing Stats

File Path                          PID    Runtime      # DAGs    # Errors  Last Runtime    Last Run               Last # of DB Queries
---------------------------------  -----  ---------  --------  ----------  --------------  -------------------  ----------------------
/opt/airflow/dags/new_approach.py                           0           1  0.10s           2025-02-14T09:09:52                       5
================================================================================
[2025-02-14T09:10:44.907+0000] {manager.py:997} INFO - 
================================================================================
DAG File Processing Stats

File Path                          PID    Runtime      # DAGs    # Errors  Last Runtime    Last Run               Last # of DB Queries
---------------------------------  -----  ---------  --------  ----------  --------------  -------------------  ----------------------
/opt/airflow/dags/new_approach.py                           0           1  5.16s           2025-02-14T09:10:27                       5
================================================================================
[2025-02-14T09:11:16.844+0000] {manager.py:997} INFO - 
================================================================================
DAG File Processing Stats

File Path                          PID    Runtime      # DAGs    # Errors  Last Runtime    Last Run               Last # of DB Queries
---------------------------------  -----  ---------  --------  ----------  --------------  -------------------  ----------------------
/opt/airflow/dags/new_approach.py                           0           1  17.16s          2025-02-14T09:11:13                       5
================================================================================
[2025-02-14T09:11:45.947+0000] {manager.py:997} INFO - 
================================================================================
DAG File Processing Stats

File Path                          PID    Runtime      # DAGs    # Errors  Last Runtime    Last Run               Last # of DB Queries
---------------------------------  -----  ---------  --------  ----------  --------------  -------------------  ----------------------
/opt/airflow/dags/new_approach.py                           0           1  2.76s           2025-02-14T09:11:35                       5
================================================================================
[2025-02-14T09:12:16.526+0000] {manager.py:997} INFO - 
================================================================================
DAG File Processing Stats

File Path                          PID    Runtime      # DAGs    # Errors  Last Runtime    Last Run               Last # of DB Queries
---------------------------------  -----  ---------  --------  ----------  --------------  -------------------  ----------------------
/opt/airflow/dags/new_approach.py                           0           1  2.49s           2025-02-14T09:12:08                       5
================================================================================
[2025-02-14T09:12:47.238+0000] {manager.py:997} INFO - 
================================================================================
DAG File Processing Stats

File Path                          PID    Runtime      # DAGs    # Errors  Last Runtime    Last Run               Last # of DB Queries
---------------------------------  -----  ---------  --------  ----------  --------------  -------------------  ----------------------
/opt/airflow/dags/new_approach.py                           0           1  1.07s           2025-02-14T09:12:40                       5
================================================================================
[2025-02-14T09:13:07.479+0000] {manager.py:821} INFO - Searching for files in /opt/airflow/dags
[2025-02-14T09:13:07.510+0000] {manager.py:824} INFO - There are 1 files in /opt/airflow/dags
[2025-02-14T09:13:17.673+0000] {manager.py:997} INFO - 
================================================================================
DAG File Processing Stats

File Path                          PID    Runtime      # DAGs    # Errors  Last Runtime    Last Run               Last # of DB Queries
---------------------------------  -----  ---------  --------  ----------  --------------  -------------------  ----------------------
/opt/airflow/dags/new_approach.py                           0           1  1.63s           2025-02-14T09:13:12                       5
================================================================================
[2025-02-14T09:13:47.808+0000] {manager.py:997} INFO - 
================================================================================
DAG File Processing Stats

File Path                          PID    Runtime      # DAGs    # Errors  Last Runtime    Last Run               Last # of DB Queries
---------------------------------  -----  ---------  --------  ----------  --------------  -------------------  ----------------------
/opt/airflow/dags/new_approach.py                           0           1  0.74s           2025-02-14T09:13:41                       5
================================================================================
[2025-02-14T09:14:17.959+0000] {manager.py:997} INFO - 
================================================================================
DAG File Processing Stats

File Path                          PID    Runtime      # DAGs    # Errors  Last Runtime    Last Run               Last # of DB Queries
---------------------------------  -----  ---------  --------  ----------  --------------  -------------------  ----------------------
/opt/airflow/dags/new_approach.py                           0           1  0.58s           2025-02-14T09:14:12                       5
================================================================================
[2025-02-14T09:14:48.153+0000] {manager.py:997} INFO - 
================================================================================
DAG File Processing Stats

File Path                          PID    Runtime      # DAGs    # Errors  Last Runtime    Last Run               Last # of DB Queries
---------------------------------  -----  ---------  --------  ----------  --------------  -------------------  ----------------------
/opt/airflow/dags/new_approach.py                           0           1  0.40s           2025-02-14T09:14:43                       5
================================================================================
[2025-02-14T09:15:18.216+0000] {manager.py:997} INFO - 
================================================================================
DAG File Processing Stats

File Path                          PID    Runtime      # DAGs    # Errors  Last Runtime    Last Run               Last # of DB Queries
---------------------------------  -----  ---------  --------  ----------  --------------  -------------------  ----------------------
/opt/airflow/dags/new_approach.py                           0           1  0.44s           2025-02-14T09:15:14                       5
================================================================================
[2025-02-14T09:15:49.091+0000] {manager.py:997} INFO - 
================================================================================
DAG File Processing Stats

File Path                          PID    Runtime      # DAGs    # Errors  Last Runtime    Last Run               Last # of DB Queries
---------------------------------  -----  ---------  --------  ----------  --------------  -------------------  ----------------------
/opt/airflow/dags/new_approach.py                           0           1  0.42s           2025-02-14T09:15:45                       5
================================================================================
[2025-02-14T09:16:19.427+0000] {manager.py:997} INFO - 
================================================================================
DAG File Processing Stats

File Path                          PID    Runtime      # DAGs    # Errors  Last Runtime    Last Run               Last # of DB Queries
---------------------------------  -----  ---------  --------  ----------  --------------  -------------------  ----------------------
/opt/airflow/dags/new_approach.py                           0           1  0.41s           2025-02-14T09:16:15                       5
================================================================================
[2025-02-14T09:16:49.770+0000] {manager.py:997} INFO - 
================================================================================
DAG File Processing Stats

File Path                          PID    Runtime      # DAGs    # Errors  Last Runtime    Last Run               Last # of DB Queries
---------------------------------  -----  ---------  --------  ----------  --------------  -------------------  ----------------------
/opt/airflow/dags/new_approach.py                           0           1  0.74s           2025-02-14T09:16:46                       5
================================================================================
[2025-02-14T09:17:19.975+0000] {manager.py:997} INFO - 
================================================================================
DAG File Processing Stats

File Path                          PID    Runtime      # DAGs    # Errors  Last Runtime    Last Run               Last # of DB Queries
---------------------------------  -----  ---------  --------  ----------  --------------  -------------------  ----------------------
/opt/airflow/dags/new_approach.py                           0           1  0.43s           2025-02-14T09:17:17                       5
================================================================================
[2025-02-14T09:17:50.236+0000] {manager.py:997} INFO - 
================================================================================
DAG File Processing Stats

File Path                          PID    Runtime      # DAGs    # Errors  Last Runtime    Last Run               Last # of DB Queries
---------------------------------  -----  ---------  --------  ----------  --------------  -------------------  ----------------------
/opt/airflow/dags/new_approach.py                           0           1  0.56s           2025-02-14T09:17:48                       5
================================================================================
[2025-02-14T09:18:07.925+0000] {manager.py:821} INFO - Searching for files in /opt/airflow/dags
[2025-02-14T09:18:07.953+0000] {manager.py:824} INFO - There are 1 files in /opt/airflow/dags
[2025-02-14T09:18:20.469+0000] {manager.py:997} INFO - 
================================================================================
DAG File Processing Stats

File Path                          PID    Runtime      # DAGs    # Errors  Last Runtime    Last Run               Last # of DB Queries
---------------------------------  -----  ---------  --------  ----------  --------------  -------------------  ----------------------
/opt/airflow/dags/new_approach.py                           0           1  0.62s           2025-02-14T09:18:19                       5
================================================================================
[2025-02-14T09:18:51.000+0000] {manager.py:997} INFO - 
================================================================================
DAG File Processing Stats

File Path                          PID    Runtime      # DAGs    # Errors  Last Runtime    Last Run               Last # of DB Queries
---------------------------------  -----  ---------  --------  ----------  --------------  -------------------  ----------------------
/opt/airflow/dags/new_approach.py                           0           1  0.46s           2025-02-14T09:18:50                       5
================================================================================
[2025-02-14T09:19:21.296+0000] {manager.py:997} INFO - 
================================================================================
DAG File Processing Stats

File Path                          PID    Runtime      # DAGs    # Errors  Last Runtime    Last Run               Last # of DB Queries
---------------------------------  -----  ---------  --------  ----------  --------------  -------------------  ----------------------
/opt/airflow/dags/new_approach.py                           0           1  0.43s           2025-02-14T09:19:21                       5
================================================================================
[2025-02-14T09:19:51.529+0000] {manager.py:997} INFO - 
================================================================================
DAG File Processing Stats

File Path                            PID  Runtime      # DAGs    # Errors  Last Runtime    Last Run               Last # of DB Queries
---------------------------------  -----  ---------  --------  ----------  --------------  -------------------  ----------------------
/opt/airflow/dags/new_approach.py    329  0.01s             0           1  0.43s           2025-02-14T09:19:21                       5
================================================================================
[2025-02-14T09:20:21.749+0000] {manager.py:997} INFO - 
================================================================================
DAG File Processing Stats

File Path                          PID    Runtime      # DAGs    # Errors  Last Runtime    Last Run               Last # of DB Queries
---------------------------------  -----  ---------  --------  ----------  --------------  -------------------  ----------------------
/opt/airflow/dags/new_approach.py                           0           1  0.44s           2025-02-14T09:19:51                       5
================================================================================
[2025-02-14T09:20:52.379+0000] {manager.py:997} INFO - 
================================================================================
DAG File Processing Stats

File Path                          PID    Runtime      # DAGs    # Errors  Last Runtime    Last Run               Last # of DB Queries
---------------------------------  -----  ---------  --------  ----------  --------------  -------------------  ----------------------
/opt/airflow/dags/new_approach.py                           0           1  0.56s           2025-02-14T09:20:22                       5
================================================================================
[2025-02-14T09:21:23.334+0000] {manager.py:997} INFO - 
================================================================================
DAG File Processing Stats

File Path                          PID    Runtime      # DAGs    # Errors  Last Runtime    Last Run               Last # of DB Queries
---------------------------------  -----  ---------  --------  ----------  --------------  -------------------  ----------------------
/opt/airflow/dags/new_approach.py                           0           1  2.36s           2025-02-14T09:20:55                       5
================================================================================
[2025-02-14T09:21:53.884+0000] {manager.py:997} INFO - 
================================================================================
DAG File Processing Stats

File Path                          PID    Runtime      # DAGs    # Errors  Last Runtime    Last Run               Last # of DB Queries
---------------------------------  -----  ---------  --------  ----------  --------------  -------------------  ----------------------
/opt/airflow/dags/new_approach.py                           0           1  11.35s          2025-02-14T09:21:41                       5
================================================================================
[2025-02-14T09:22:24.766+0000] {manager.py:997} INFO - 
================================================================================
DAG File Processing Stats

File Path                          PID    Runtime      # DAGs    # Errors  Last Runtime    Last Run               Last # of DB Queries
---------------------------------  -----  ---------  --------  ----------  --------------  -------------------  ----------------------
/opt/airflow/dags/new_approach.py                           0           1  2.13s           2025-02-14T09:22:14                       5
================================================================================
[2025-02-14T09:22:56.228+0000] {manager.py:997} INFO - 
================================================================================
DAG File Processing Stats

File Path                          PID    Runtime      # DAGs    # Errors  Last Runtime    Last Run               Last # of DB Queries
---------------------------------  -----  ---------  --------  ----------  --------------  -------------------  ----------------------
/opt/airflow/dags/new_approach.py                           0           1  0.48s           2025-02-14T09:22:45                       5
================================================================================
[2025-02-14T09:23:08.629+0000] {manager.py:821} INFO - Searching for files in /opt/airflow/dags
[2025-02-14T09:23:08.663+0000] {manager.py:824} INFO - There are 1 files in /opt/airflow/dags
[2025-02-14T09:23:25.853+0000] {manager.py:997} INFO - 
================================================================================
DAG File Processing Stats

File Path                          PID    Runtime      # DAGs    # Errors  Last Runtime    Last Run               Last # of DB Queries
---------------------------------  -----  ---------  --------  ----------  --------------  -------------------  ----------------------
/opt/airflow/dags/new_approach.py                           0           1  0.44s           2025-02-14T09:23:16                       5
================================================================================
[2025-02-14T09:23:56.122+0000] {manager.py:997} INFO - 
================================================================================
DAG File Processing Stats

File Path                          PID    Runtime      # DAGs    # Errors  Last Runtime    Last Run               Last # of DB Queries
---------------------------------  -----  ---------  --------  ----------  --------------  -------------------  ----------------------
/opt/airflow/dags/new_approach.py                           0           1  1.55s           2025-02-14T09:23:48                       5
================================================================================
[2025-02-14T09:24:26.240+0000] {manager.py:997} INFO - 
================================================================================
DAG File Processing Stats

File Path                          PID    Runtime      # DAGs    # Errors  Last Runtime    Last Run               Last # of DB Queries
---------------------------------  -----  ---------  --------  ----------  --------------  -------------------  ----------------------
/opt/airflow/dags/new_approach.py                           0           1  0.52s           2025-02-14T09:24:19                       5
================================================================================
[2025-02-14T09:24:56.497+0000] {manager.py:997} INFO - 
================================================================================
DAG File Processing Stats

File Path                          PID    Runtime      # DAGs    # Errors  Last Runtime    Last Run               Last # of DB Queries
---------------------------------  -----  ---------  --------  ----------  --------------  -------------------  ----------------------
/opt/airflow/dags/new_approach.py                           0           1  0.41s           2025-02-14T09:24:49                       5
================================================================================
[2025-02-14T09:25:26.564+0000] {manager.py:997} INFO - 
================================================================================
DAG File Processing Stats

File Path                          PID    Runtime      # DAGs    # Errors  Last Runtime    Last Run               Last # of DB Queries
---------------------------------  -----  ---------  --------  ----------  --------------  -------------------  ----------------------
/opt/airflow/dags/new_approach.py                           0           1  0.44s           2025-02-14T09:25:20                       5
================================================================================
[2025-02-14T09:25:56.842+0000] {manager.py:997} INFO - 
================================================================================
DAG File Processing Stats

File Path                          PID    Runtime      # DAGs    # Errors  Last Runtime    Last Run               Last # of DB Queries
---------------------------------  -----  ---------  --------  ----------  --------------  -------------------  ----------------------
/opt/airflow/dags/new_approach.py                           0           1  0.55s           2025-02-14T09:25:51                       5
================================================================================
[2025-02-14T09:26:27.619+0000] {manager.py:997} INFO - 
================================================================================
DAG File Processing Stats

File Path                          PID    Runtime      # DAGs    # Errors  Last Runtime    Last Run               Last # of DB Queries
---------------------------------  -----  ---------  --------  ----------  --------------  -------------------  ----------------------
/opt/airflow/dags/new_approach.py                           0           1  1.10s           2025-02-14T09:26:22                       5
================================================================================
[2025-02-14T09:26:57.946+0000] {manager.py:997} INFO - 
================================================================================
DAG File Processing Stats

File Path                          PID    Runtime      # DAGs    # Errors  Last Runtime    Last Run               Last # of DB Queries
---------------------------------  -----  ---------  --------  ----------  --------------  -------------------  ----------------------
/opt/airflow/dags/new_approach.py                           0           1  0.47s           2025-02-14T09:26:53                       5
================================================================================
[2025-02-14T09:27:28.262+0000] {manager.py:997} INFO - 
================================================================================
DAG File Processing Stats

File Path                          PID    Runtime      # DAGs    # Errors  Last Runtime    Last Run               Last # of DB Queries
---------------------------------  -----  ---------  --------  ----------  --------------  -------------------  ----------------------
/opt/airflow/dags/new_approach.py                           0           1  0.55s           2025-02-14T09:27:24                       5
================================================================================
[2025-02-14T09:27:58.423+0000] {manager.py:997} INFO - 
================================================================================
DAG File Processing Stats

File Path                          PID    Runtime      # DAGs    # Errors  Last Runtime    Last Run               Last # of DB Queries
---------------------------------  -----  ---------  --------  ----------  --------------  -------------------  ----------------------
/opt/airflow/dags/new_approach.py                           0           1  2.75s           2025-02-14T09:27:57                       5
================================================================================
[2025-02-14T09:28:08.760+0000] {manager.py:821} INFO - Searching for files in /opt/airflow/dags
[2025-02-14T09:28:08.870+0000] {manager.py:824} INFO - There are 1 files in /opt/airflow/dags
[2025-02-14T09:28:28.499+0000] {manager.py:997} INFO - 
================================================================================
DAG File Processing Stats

File Path                          PID    Runtime      # DAGs    # Errors  Last Runtime    Last Run               Last # of DB Queries
---------------------------------  -----  ---------  --------  ----------  --------------  -------------------  ----------------------
/opt/airflow/dags/new_approach.py                           0           1  0.54s           2025-02-14T09:28:28                       5
================================================================================
[2025-02-14T09:28:59.380+0000] {manager.py:997} INFO - 
================================================================================
DAG File Processing Stats

File Path                            PID  Runtime      # DAGs    # Errors  Last Runtime    Last Run               Last # of DB Queries
---------------------------------  -----  ---------  --------  ----------  --------------  -------------------  ----------------------
/opt/airflow/dags/new_approach.py    473  0.01s             0           1  0.54s           2025-02-14T09:28:28                       5
================================================================================
[2025-02-14T09:29:29.452+0000] {manager.py:997} INFO - 
================================================================================
DAG File Processing Stats

File Path                          PID    Runtime      # DAGs    # Errors  Last Runtime    Last Run               Last # of DB Queries
---------------------------------  -----  ---------  --------  ----------  --------------  -------------------  ----------------------
/opt/airflow/dags/new_approach.py                           0           1  1.73s           2025-02-14T09:29:01                       5
================================================================================
[2025-02-14T09:29:59.980+0000] {manager.py:997} INFO - 
================================================================================
DAG File Processing Stats

File Path                          PID    Runtime      # DAGs    # Errors  Last Runtime    Last Run               Last # of DB Queries
---------------------------------  -----  ---------  --------  ----------  --------------  -------------------  ----------------------
/opt/airflow/dags/new_approach.py                           0           1  0.48s           2025-02-14T09:29:31                       5
================================================================================
[2025-02-14T09:30:30.496+0000] {manager.py:997} INFO - 
================================================================================
DAG File Processing Stats

File Path                          PID    Runtime      # DAGs    # Errors  Last Runtime    Last Run               Last # of DB Queries
---------------------------------  -----  ---------  --------  ----------  --------------  -------------------  ----------------------
/opt/airflow/dags/new_approach.py                           0           1  0.49s           2025-02-14T09:30:02                       5
================================================================================
[2025-02-14T09:31:01.009+0000] {manager.py:997} INFO - 
================================================================================
DAG File Processing Stats

File Path                          PID    Runtime      # DAGs    # Errors  Last Runtime    Last Run               Last # of DB Queries
---------------------------------  -----  ---------  --------  ----------  --------------  -------------------  ----------------------
/opt/airflow/dags/new_approach.py                           0           1  0.45s           2025-02-14T09:30:32                       5
================================================================================
[2025-02-14T09:31:31.533+0000] {manager.py:997} INFO - 
================================================================================
DAG File Processing Stats

File Path                          PID    Runtime      # DAGs    # Errors  Last Runtime    Last Run               Last # of DB Queries
---------------------------------  -----  ---------  --------  ----------  --------------  -------------------  ----------------------
/opt/airflow/dags/new_approach.py                           0           1  0.50s           2025-02-14T09:31:03                       5
================================================================================
[2025-02-14T09:32:01.767+0000] {manager.py:997} INFO - 
================================================================================
DAG File Processing Stats

File Path                          PID    Runtime      # DAGs    # Errors  Last Runtime    Last Run               Last # of DB Queries
---------------------------------  -----  ---------  --------  ----------  --------------  -------------------  ----------------------
/opt/airflow/dags/new_approach.py                           0           1  0.92s           2025-02-14T09:31:34                       5
================================================================================
[2025-02-14T09:32:32.373+0000] {manager.py:997} INFO - 
================================================================================
DAG File Processing Stats

File Path                          PID    Runtime      # DAGs    # Errors  Last Runtime    Last Run               Last # of DB Queries
---------------------------------  -----  ---------  --------  ----------  --------------  -------------------  ----------------------
/opt/airflow/dags/new_approach.py                           0           1  0.53s           2025-02-14T09:32:05                       5
================================================================================
[2025-02-14T09:33:02.799+0000] {manager.py:997} INFO - 
================================================================================
DAG File Processing Stats

File Path                          PID    Runtime      # DAGs    # Errors  Last Runtime    Last Run               Last # of DB Queries
---------------------------------  -----  ---------  --------  ----------  --------------  -------------------  ----------------------
/opt/airflow/dags/new_approach.py                           0           1  0.44s           2025-02-14T09:32:35                       5
================================================================================
[2025-02-14T09:33:09.106+0000] {manager.py:821} INFO - Searching for files in /opt/airflow/dags
[2025-02-14T09:33:09.134+0000] {manager.py:824} INFO - There are 1 files in /opt/airflow/dags
[2025-02-14T09:33:33.373+0000] {manager.py:997} INFO - 
================================================================================
DAG File Processing Stats

File Path                          PID    Runtime      # DAGs    # Errors  Last Runtime    Last Run               Last # of DB Queries
---------------------------------  -----  ---------  --------  ----------  --------------  -------------------  ----------------------
/opt/airflow/dags/new_approach.py                           0           1  0.46s           2025-02-14T09:33:06                       5
================================================================================
[2025-02-14T09:34:03.554+0000] {manager.py:997} INFO - 
================================================================================
DAG File Processing Stats

File Path                          PID    Runtime      # DAGs    # Errors  Last Runtime    Last Run               Last # of DB Queries
---------------------------------  -----  ---------  --------  ----------  --------------  -------------------  ----------------------
/opt/airflow/dags/new_approach.py                           0           1  0.64s           2025-02-14T09:33:42                       5
================================================================================
[2025-02-14T09:34:33.930+0000] {manager.py:997} INFO - 
================================================================================
DAG File Processing Stats

File Path                          PID    Runtime      # DAGs    # Errors  Last Runtime    Last Run               Last # of DB Queries
---------------------------------  -----  ---------  --------  ----------  --------------  -------------------  ----------------------
/opt/airflow/dags/new_approach.py                           0           1  0.49s           2025-02-14T09:34:13                       5
================================================================================
[2025-02-14T09:35:04.225+0000] {manager.py:997} INFO - 
================================================================================
DAG File Processing Stats

File Path                          PID    Runtime      # DAGs    # Errors  Last Runtime    Last Run               Last # of DB Queries
---------------------------------  -----  ---------  --------  ----------  --------------  -------------------  ----------------------
/opt/airflow/dags/new_approach.py                           0           1  1.67s           2025-02-14T09:34:46                       5
================================================================================
[2025-02-14T09:35:34.577+0000] {manager.py:997} INFO - 
================================================================================
DAG File Processing Stats

File Path                          PID    Runtime      # DAGs    # Errors  Last Runtime    Last Run               Last # of DB Queries
---------------------------------  -----  ---------  --------  ----------  --------------  -------------------  ----------------------
/opt/airflow/dags/new_approach.py                           0           1  0.64s           2025-02-14T09:35:17                       5
================================================================================
[2025-02-14T09:36:05.383+0000] {manager.py:997} INFO - 
================================================================================
DAG File Processing Stats

File Path                          PID    Runtime      # DAGs    # Errors  Last Runtime    Last Run               Last # of DB Queries
---------------------------------  -----  ---------  --------  ----------  --------------  -------------------  ----------------------
/opt/airflow/dags/new_approach.py                           0           1  0.43s           2025-02-14T09:35:48                       5
================================================================================
[2025-02-14T09:36:35.683+0000] {manager.py:997} INFO - 
================================================================================
DAG File Processing Stats

File Path                          PID    Runtime      # DAGs    # Errors  Last Runtime    Last Run               Last # of DB Queries
---------------------------------  -----  ---------  --------  ----------  --------------  -------------------  ----------------------
/opt/airflow/dags/new_approach.py                           0           1  0.57s           2025-02-14T09:36:19                       5
================================================================================
[2025-02-14T09:37:05.975+0000] {manager.py:997} INFO - 
================================================================================
DAG File Processing Stats

File Path                          PID    Runtime      # DAGs    # Errors  Last Runtime    Last Run               Last # of DB Queries
---------------------------------  -----  ---------  --------  ----------  --------------  -------------------  ----------------------
/opt/airflow/dags/new_approach.py                           0           1  0.54s           2025-02-14T09:36:49                       5
================================================================================
[2025-02-14T09:37:36.315+0000] {manager.py:997} INFO - 
================================================================================
DAG File Processing Stats

File Path                          PID    Runtime      # DAGs    # Errors  Last Runtime    Last Run               Last # of DB Queries
---------------------------------  -----  ---------  --------  ----------  --------------  -------------------  ----------------------
/opt/airflow/dags/new_approach.py                           0           1  0.57s           2025-02-14T09:37:20                       5
================================================================================
[2025-02-14T09:38:06.638+0000] {manager.py:997} INFO - 
================================================================================
DAG File Processing Stats

File Path                          PID    Runtime      # DAGs    # Errors  Last Runtime    Last Run               Last # of DB Queries
---------------------------------  -----  ---------  --------  ----------  --------------  -------------------  ----------------------
/opt/airflow/dags/new_approach.py                           0           1  0.65s           2025-02-14T09:37:51                       5
================================================================================
[2025-02-14T09:38:09.669+0000] {manager.py:821} INFO - Searching for files in /opt/airflow/dags
[2025-02-14T09:38:09.712+0000] {manager.py:824} INFO - There are 1 files in /opt/airflow/dags
[2025-02-14T09:38:37.151+0000] {manager.py:997} INFO - 
================================================================================
DAG File Processing Stats

File Path                          PID    Runtime      # DAGs    # Errors  Last Runtime    Last Run               Last # of DB Queries
---------------------------------  -----  ---------  --------  ----------  --------------  -------------------  ----------------------
/opt/airflow/dags/new_approach.py                           0           1  0.47s           2025-02-14T09:38:22                       5
================================================================================
[2025-02-14T09:39:07.217+0000] {manager.py:997} INFO - 
================================================================================
DAG File Processing Stats

File Path                          PID    Runtime      # DAGs    # Errors  Last Runtime    Last Run               Last # of DB Queries
---------------------------------  -----  ---------  --------  ----------  --------------  -------------------  ----------------------
/opt/airflow/dags/new_approach.py                           0           1  0.46s           2025-02-14T09:38:53                       5
================================================================================
[2025-02-14T09:39:37.408+0000] {manager.py:997} INFO - 
================================================================================
DAG File Processing Stats

File Path                          PID    Runtime      # DAGs    # Errors  Last Runtime    Last Run               Last # of DB Queries
---------------------------------  -----  ---------  --------  ----------  --------------  -------------------  ----------------------
/opt/airflow/dags/new_approach.py                           0           1  0.85s           2025-02-14T09:39:24                       5
================================================================================
[2025-02-14T09:40:08.405+0000] {manager.py:997} INFO - 
================================================================================
DAG File Processing Stats

File Path                          PID    Runtime      # DAGs    # Errors  Last Runtime    Last Run               Last # of DB Queries
---------------------------------  -----  ---------  --------  ----------  --------------  -------------------  ----------------------
/opt/airflow/dags/new_approach.py                           0           1  0.69s           2025-02-14T09:39:55                       5
================================================================================
[2025-02-14T09:40:38.804+0000] {manager.py:997} INFO - 
================================================================================
DAG File Processing Stats

File Path                          PID    Runtime      # DAGs    # Errors  Last Runtime    Last Run               Last # of DB Queries
---------------------------------  -----  ---------  --------  ----------  --------------  -------------------  ----------------------
/opt/airflow/dags/new_approach.py                           0           1  0.53s           2025-02-14T09:40:26                       5
================================================================================
[2025-02-14T09:41:09.092+0000] {manager.py:997} INFO - 
================================================================================
DAG File Processing Stats

File Path                          PID    Runtime      # DAGs    # Errors  Last Runtime    Last Run               Last # of DB Queries
---------------------------------  -----  ---------  --------  ----------  --------------  -------------------  ----------------------
/opt/airflow/dags/new_approach.py                           0           1  0.58s           2025-02-14T09:40:57                       5
================================================================================
[2025-02-14T09:41:39.636+0000] {manager.py:997} INFO - 
================================================================================
DAG File Processing Stats

File Path                          PID    Runtime      # DAGs    # Errors  Last Runtime    Last Run               Last # of DB Queries
---------------------------------  -----  ---------  --------  ----------  --------------  -------------------  ----------------------
/opt/airflow/dags/new_approach.py                           0           1  0.56s           2025-02-14T09:41:27                       5
================================================================================
[2025-02-14T09:42:09.843+0000] {manager.py:997} INFO - 
================================================================================
DAG File Processing Stats

File Path                          PID    Runtime      # DAGs    # Errors  Last Runtime    Last Run               Last # of DB Queries
---------------------------------  -----  ---------  --------  ----------  --------------  -------------------  ----------------------
/opt/airflow/dags/new_approach.py                           0           1  0.67s           2025-02-14T09:41:58                       5
================================================================================
[2025-02-14T09:42:40.118+0000] {manager.py:997} INFO - 
================================================================================
DAG File Processing Stats

File Path                          PID    Runtime      # DAGs    # Errors  Last Runtime    Last Run               Last # of DB Queries
---------------------------------  -----  ---------  --------  ----------  --------------  -------------------  ----------------------
/opt/airflow/dags/new_approach.py                           0           1  0.60s           2025-02-14T09:42:29                       5
================================================================================
[2025-02-14T09:43:10.464+0000] {manager.py:821} INFO - Searching for files in /opt/airflow/dags
[2025-02-14T09:43:10.495+0000] {manager.py:824} INFO - There are 1 files in /opt/airflow/dags
[2025-02-14T09:43:10.520+0000] {manager.py:997} INFO - 
================================================================================
DAG File Processing Stats

File Path                          PID    Runtime      # DAGs    # Errors  Last Runtime    Last Run               Last # of DB Queries
---------------------------------  -----  ---------  --------  ----------  --------------  -------------------  ----------------------
/opt/airflow/dags/new_approach.py                           0           1  0.85s           2025-02-14T09:43:00                       5
================================================================================
[2025-02-14T09:43:40.782+0000] {manager.py:997} INFO - 
================================================================================
DAG File Processing Stats

File Path                          PID    Runtime      # DAGs    # Errors  Last Runtime    Last Run               Last # of DB Queries
---------------------------------  -----  ---------  --------  ----------  --------------  -------------------  ----------------------
/opt/airflow/dags/new_approach.py                           0           1  0.99s           2025-02-14T09:43:31                       5
================================================================================
[2025-02-14T09:44:10.904+0000] {manager.py:997} INFO - 
================================================================================
DAG File Processing Stats

File Path                          PID    Runtime      # DAGs    # Errors  Last Runtime    Last Run               Last # of DB Queries
---------------------------------  -----  ---------  --------  ----------  --------------  -------------------  ----------------------
/opt/airflow/dags/new_approach.py                           0           1  0.79s           2025-02-14T09:44:02                       5
================================================================================
[2025-02-14T09:44:41.609+0000] {manager.py:997} INFO - 
================================================================================
DAG File Processing Stats

File Path                          PID    Runtime      # DAGs    # Errors  Last Runtime    Last Run               Last # of DB Queries
---------------------------------  -----  ---------  --------  ----------  --------------  -------------------  ----------------------
/opt/airflow/dags/new_approach.py                           0           1  0.46s           2025-02-14T09:44:33                       5
================================================================================
[2025-02-14T09:45:11.968+0000] {manager.py:997} INFO - 
================================================================================
DAG File Processing Stats

File Path                          PID    Runtime      # DAGs    # Errors  Last Runtime    Last Run               Last # of DB Queries
---------------------------------  -----  ---------  --------  ----------  --------------  -------------------  ----------------------
/opt/airflow/dags/new_approach.py                           0           1  0.47s           2025-02-14T09:45:04                       5
================================================================================
[2025-02-14T09:45:42.115+0000] {manager.py:997} INFO - 
================================================================================
DAG File Processing Stats

File Path                          PID    Runtime      # DAGs    # Errors  Last Runtime    Last Run               Last # of DB Queries
---------------------------------  -----  ---------  --------  ----------  --------------  -------------------  ----------------------
/opt/airflow/dags/new_approach.py                           0           1  1.01s           2025-02-14T09:45:36                       5
================================================================================
[2025-02-14T09:46:12.659+0000] {manager.py:997} INFO - 
================================================================================
DAG File Processing Stats

File Path                          PID    Runtime      # DAGs    # Errors  Last Runtime    Last Run               Last # of DB Queries
---------------------------------  -----  ---------  --------  ----------  --------------  -------------------  ----------------------
/opt/airflow/dags/new_approach.py                           0           1  0.56s           2025-02-14T09:46:06                       5
================================================================================
[2025-02-14T09:46:42.755+0000] {manager.py:997} INFO - 
================================================================================
DAG File Processing Stats

File Path                          PID    Runtime      # DAGs    # Errors  Last Runtime    Last Run               Last # of DB Queries
---------------------------------  -----  ---------  --------  ----------  --------------  -------------------  ----------------------
/opt/airflow/dags/new_approach.py                           0           1  0.49s           2025-02-14T09:46:37                       5
================================================================================
[2025-02-14T09:47:13.560+0000] {manager.py:997} INFO - 
================================================================================
DAG File Processing Stats

File Path                          PID    Runtime      # DAGs    # Errors  Last Runtime    Last Run               Last # of DB Queries
---------------------------------  -----  ---------  --------  ----------  --------------  -------------------  ----------------------
/opt/airflow/dags/new_approach.py                           0           1  0.59s           2025-02-14T09:47:08                       5
================================================================================
[2025-02-14T09:47:43.705+0000] {manager.py:997} INFO - 
================================================================================
DAG File Processing Stats

File Path                          PID    Runtime      # DAGs    # Errors  Last Runtime    Last Run               Last # of DB Queries
---------------------------------  -----  ---------  --------  ----------  --------------  -------------------  ----------------------
/opt/airflow/dags/new_approach.py                           0           1  0.73s           2025-02-14T09:47:39                       5
================================================================================
[2025-02-14T09:48:10.532+0000] {manager.py:821} INFO - Searching for files in /opt/airflow/dags
[2025-02-14T09:48:10.569+0000] {manager.py:824} INFO - There are 1 files in /opt/airflow/dags
[2025-02-14T09:48:14.141+0000] {manager.py:997} INFO - 
================================================================================
DAG File Processing Stats

File Path                          PID    Runtime      # DAGs    # Errors  Last Runtime    Last Run               Last # of DB Queries
---------------------------------  -----  ---------  --------  ----------  --------------  -------------------  ----------------------
/opt/airflow/dags/new_approach.py                           0           1  0.50s           2025-02-14T09:48:10                       5
================================================================================
[2025-02-14T09:48:44.409+0000] {manager.py:997} INFO - 
================================================================================
DAG File Processing Stats

File Path                          PID    Runtime      # DAGs    # Errors  Last Runtime    Last Run               Last # of DB Queries
---------------------------------  -----  ---------  --------  ----------  --------------  -------------------  ----------------------
/opt/airflow/dags/new_approach.py                           0           1  0.54s           2025-02-14T09:48:41                       5
================================================================================
[2025-02-14T09:49:14.739+0000] {manager.py:997} INFO - 
================================================================================
DAG File Processing Stats

File Path                          PID    Runtime      # DAGs    # Errors  Last Runtime    Last Run               Last # of DB Queries
---------------------------------  -----  ---------  --------  ----------  --------------  -------------------  ----------------------
/opt/airflow/dags/new_approach.py                           0           1  2.67s           2025-02-14T09:49:14                       5
================================================================================
[2025-02-14T09:49:44.994+0000] {manager.py:997} INFO - 
================================================================================
DAG File Processing Stats

File Path                            PID  Runtime      # DAGs    # Errors  Last Runtime    Last Run               Last # of DB Queries
---------------------------------  -----  ---------  --------  ----------  --------------  -------------------  ----------------------
/opt/airflow/dags/new_approach.py    805  0.27s             0           1  2.67s           2025-02-14T09:49:14                       5
================================================================================
[2025-02-14T09:50:15.237+0000] {manager.py:997} INFO - 
================================================================================
DAG File Processing Stats

File Path                          PID    Runtime      # DAGs    # Errors  Last Runtime    Last Run               Last # of DB Queries
---------------------------------  -----  ---------  --------  ----------  --------------  -------------------  ----------------------
/opt/airflow/dags/new_approach.py                           0           1  0.58s           2025-02-14T09:49:45                       5
================================================================================
[2025-02-14T09:50:45.782+0000] {manager.py:997} INFO - 
================================================================================
DAG File Processing Stats

File Path                          PID    Runtime      # DAGs    # Errors  Last Runtime    Last Run               Last # of DB Queries
---------------------------------  -----  ---------  --------  ----------  --------------  -------------------  ----------------------
/opt/airflow/dags/new_approach.py                           0           1  0.38s           2025-02-14T09:50:15                       5
================================================================================
[2025-02-14T09:51:15.821+0000] {manager.py:997} INFO - 
================================================================================
DAG File Processing Stats

File Path                          PID    Runtime      # DAGs    # Errors  Last Runtime    Last Run               Last # of DB Queries
---------------------------------  -----  ---------  --------  ----------  --------------  -------------------  ----------------------
/opt/airflow/dags/new_approach.py                           0           1  0.45s           2025-02-14T09:50:46                       5
================================================================================
[2025-02-14T09:51:46.607+0000] {manager.py:997} INFO - 
================================================================================
DAG File Processing Stats

File Path                          PID    Runtime      # DAGs    # Errors  Last Runtime    Last Run               Last # of DB Queries
---------------------------------  -----  ---------  --------  ----------  --------------  -------------------  ----------------------
/opt/airflow/dags/new_approach.py                           0           1  0.59s           2025-02-14T09:51:17                       5
================================================================================
[2025-02-14T09:52:16.859+0000] {manager.py:997} INFO - 
================================================================================
DAG File Processing Stats

File Path                          PID    Runtime      # DAGs    # Errors  Last Runtime    Last Run               Last # of DB Queries
---------------------------------  -----  ---------  --------  ----------  --------------  -------------------  ----------------------
/opt/airflow/dags/new_approach.py                           0           1  2.36s           2025-02-14T09:51:49                       5
================================================================================
[2025-02-14T09:52:47.057+0000] {manager.py:997} INFO - 
================================================================================
DAG File Processing Stats

File Path                          PID    Runtime      # DAGs    # Errors  Last Runtime    Last Run               Last # of DB Queries
---------------------------------  -----  ---------  --------  ----------  --------------  -------------------  ----------------------
/opt/airflow/dags/new_approach.py                           0           1  0.64s           2025-02-14T09:52:20                       5
================================================================================
[2025-02-14T09:53:10.577+0000] {manager.py:821} INFO - Searching for files in /opt/airflow/dags
[2025-02-14T09:53:10.603+0000] {manager.py:824} INFO - There are 1 files in /opt/airflow/dags
[2025-02-14T09:53:17.666+0000] {manager.py:997} INFO - 
================================================================================
DAG File Processing Stats

File Path                          PID    Runtime      # DAGs    # Errors  Last Runtime    Last Run               Last # of DB Queries
---------------------------------  -----  ---------  --------  ----------  --------------  -------------------  ----------------------
/opt/airflow/dags/new_approach.py                           0           1  0.39s           2025-02-14T09:52:51                       5
================================================================================
[2025-02-14T09:53:47.899+0000] {manager.py:997} INFO - 
================================================================================
DAG File Processing Stats

File Path                          PID    Runtime      # DAGs    # Errors  Last Runtime    Last Run               Last # of DB Queries
---------------------------------  -----  ---------  --------  ----------  --------------  -------------------  ----------------------
/opt/airflow/dags/new_approach.py                           0           1  0.56s           2025-02-14T09:53:22                       5
================================================================================
[2025-02-14T09:54:18.103+0000] {manager.py:997} INFO - 
================================================================================
DAG File Processing Stats

File Path                          PID    Runtime      # DAGs    # Errors  Last Runtime    Last Run               Last # of DB Queries
---------------------------------  -----  ---------  --------  ----------  --------------  -------------------  ----------------------
/opt/airflow/dags/new_approach.py                           0           1  0.67s           2025-02-14T09:53:53                       5
================================================================================
[2025-02-14T09:54:48.537+0000] {manager.py:997} INFO - 
================================================================================
DAG File Processing Stats

File Path                          PID    Runtime      # DAGs    # Errors  Last Runtime    Last Run               Last # of DB Queries
---------------------------------  -----  ---------  --------  ----------  --------------  -------------------  ----------------------
/opt/airflow/dags/new_approach.py                           0           1  0.53s           2025-02-14T09:54:23                       5
================================================================================
[2025-02-14T09:55:18.741+0000] {manager.py:997} INFO - 
================================================================================
DAG File Processing Stats

File Path                          PID    Runtime      # DAGs    # Errors  Last Runtime    Last Run               Last # of DB Queries
---------------------------------  -----  ---------  --------  ----------  --------------  -------------------  ----------------------
/opt/airflow/dags/new_approach.py                           0           1  0.53s           2025-02-14T09:54:54                       5
================================================================================
[2025-02-14T09:55:48.997+0000] {manager.py:997} INFO - 
================================================================================
DAG File Processing Stats

File Path                          PID    Runtime      # DAGs    # Errors  Last Runtime    Last Run               Last # of DB Queries
---------------------------------  -----  ---------  --------  ----------  --------------  -------------------  ----------------------
/opt/airflow/dags/new_approach.py                           0           1  0.58s           2025-02-14T09:55:25                       5
================================================================================
[2025-02-14T09:56:19.206+0000] {manager.py:997} INFO - 
================================================================================
DAG File Processing Stats

File Path                          PID    Runtime      # DAGs    # Errors  Last Runtime    Last Run               Last # of DB Queries
---------------------------------  -----  ---------  --------  ----------  --------------  -------------------  ----------------------
/opt/airflow/dags/new_approach.py                           0           1  0.57s           2025-02-14T09:55:56                       5
================================================================================
[2025-02-14T09:56:49.575+0000] {manager.py:997} INFO - 
================================================================================
DAG File Processing Stats

File Path                          PID    Runtime      # DAGs    # Errors  Last Runtime    Last Run               Last # of DB Queries
---------------------------------  -----  ---------  --------  ----------  --------------  -------------------  ----------------------
/opt/airflow/dags/new_approach.py                           0           1  0.55s           2025-02-14T09:56:26                       5
================================================================================
[2025-02-14T09:57:19.757+0000] {manager.py:997} INFO - 
================================================================================
DAG File Processing Stats

File Path                          PID    Runtime      # DAGs    # Errors  Last Runtime    Last Run               Last # of DB Queries
---------------------------------  -----  ---------  --------  ----------  --------------  -------------------  ----------------------
/opt/airflow/dags/new_approach.py                           0           1  0.56s           2025-02-14T09:56:57                       5
================================================================================
[2025-02-14T09:57:50.409+0000] {manager.py:997} INFO - 
================================================================================
DAG File Processing Stats

File Path                          PID    Runtime      # DAGs    # Errors  Last Runtime    Last Run               Last # of DB Queries
---------------------------------  -----  ---------  --------  ----------  --------------  -------------------  ----------------------
/opt/airflow/dags/new_approach.py                           0           1  0.53s           2025-02-14T09:57:28                       5
================================================================================
[2025-02-14T09:58:10.624+0000] {manager.py:821} INFO - Searching for files in /opt/airflow/dags
[2025-02-14T09:58:10.641+0000] {manager.py:824} INFO - There are 1 files in /opt/airflow/dags
[2025-02-14T09:58:20.721+0000] {manager.py:997} INFO - 
================================================================================
DAG File Processing Stats

File Path                          PID    Runtime      # DAGs    # Errors  Last Runtime    Last Run               Last # of DB Queries
---------------------------------  -----  ---------  --------  ----------  --------------  -------------------  ----------------------
/opt/airflow/dags/new_approach.py                           0           1  0.53s           2025-02-14T09:57:59                       5
================================================================================
[2025-02-14T09:58:51.071+0000] {manager.py:997} INFO - 
================================================================================
DAG File Processing Stats

File Path                          PID    Runtime      # DAGs    # Errors  Last Runtime    Last Run               Last # of DB Queries
---------------------------------  -----  ---------  --------  ----------  --------------  -------------------  ----------------------
/opt/airflow/dags/new_approach.py                           0           1  0.85s           2025-02-14T09:58:30                       5
================================================================================
[2025-02-14T09:59:21.418+0000] {manager.py:997} INFO - 
================================================================================
DAG File Processing Stats

File Path                          PID    Runtime      # DAGs    # Errors  Last Runtime    Last Run               Last # of DB Queries
---------------------------------  -----  ---------  --------  ----------  --------------  -------------------  ----------------------
/opt/airflow/dags/new_approach.py                           0           1  0.63s           2025-02-14T09:59:00                       5
================================================================================
[2025-02-14T09:59:51.636+0000] {manager.py:997} INFO - 
================================================================================
DAG File Processing Stats

File Path                          PID    Runtime      # DAGs    # Errors  Last Runtime    Last Run               Last # of DB Queries
---------------------------------  -----  ---------  --------  ----------  --------------  -------------------  ----------------------
/opt/airflow/dags/new_approach.py                           0           1  0.52s           2025-02-14T09:59:31                       5
================================================================================
[2025-02-14T10:00:21.859+0000] {manager.py:997} INFO - 
================================================================================
DAG File Processing Stats

File Path                          PID    Runtime      # DAGs    # Errors  Last Runtime    Last Run               Last # of DB Queries
---------------------------------  -----  ---------  --------  ----------  --------------  -------------------  ----------------------
/opt/airflow/dags/new_approach.py                           0           1  0.62s           2025-02-14T10:00:02                       5
================================================================================
[2025-02-14T10:00:52.065+0000] {manager.py:997} INFO - 
================================================================================
DAG File Processing Stats

File Path                          PID    Runtime      # DAGs    # Errors  Last Runtime    Last Run               Last # of DB Queries
---------------------------------  -----  ---------  --------  ----------  --------------  -------------------  ----------------------
/opt/airflow/dags/new_approach.py                           0           1  0.56s           2025-02-14T10:00:33                       5
================================================================================
[2025-02-14T10:01:22.455+0000] {manager.py:997} INFO - 
================================================================================
DAG File Processing Stats

File Path                          PID    Runtime      # DAGs    # Errors  Last Runtime    Last Run               Last # of DB Queries
---------------------------------  -----  ---------  --------  ----------  --------------  -------------------  ----------------------
/opt/airflow/dags/new_approach.py                           0           1  0.58s           2025-02-14T10:01:03                       5
================================================================================
[2025-02-14T10:01:52.642+0000] {manager.py:997} INFO - 
================================================================================
DAG File Processing Stats

File Path                          PID    Runtime      # DAGs    # Errors  Last Runtime    Last Run               Last # of DB Queries
---------------------------------  -----  ---------  --------  ----------  --------------  -------------------  ----------------------
/opt/airflow/dags/new_approach.py                           0           1  0.57s           2025-02-14T10:01:34                       5
================================================================================
[2025-02-14T10:02:22.893+0000] {manager.py:997} INFO - 
================================================================================
DAG File Processing Stats

File Path                          PID    Runtime      # DAGs    # Errors  Last Runtime    Last Run               Last # of DB Queries
---------------------------------  -----  ---------  --------  ----------  --------------  -------------------  ----------------------
/opt/airflow/dags/new_approach.py                           0           1  0.96s           2025-02-14T10:02:05                       5
================================================================================
[2025-02-14T10:02:53.196+0000] {manager.py:997} INFO - 
================================================================================
DAG File Processing Stats

File Path                          PID    Runtime      # DAGs    # Errors  Last Runtime    Last Run               Last # of DB Queries
---------------------------------  -----  ---------  --------  ----------  --------------  -------------------  ----------------------
/opt/airflow/dags/new_approach.py                           0           1  3.28s           2025-02-14T10:02:39                       5
================================================================================
[2025-02-14T10:03:10.729+0000] {manager.py:821} INFO - Searching for files in /opt/airflow/dags
[2025-02-14T10:03:10.748+0000] {manager.py:824} INFO - There are 1 files in /opt/airflow/dags
[2025-02-14T10:03:23.302+0000] {manager.py:997} INFO - 
================================================================================
DAG File Processing Stats

File Path                          PID    Runtime      # DAGs    # Errors  Last Runtime    Last Run               Last # of DB Queries
---------------------------------  -----  ---------  --------  ----------  --------------  -------------------  ----------------------
/opt/airflow/dags/new_approach.py                           0           1  0.83s           2025-02-14T10:03:10                       5
================================================================================
[2025-02-14T10:03:54.163+0000] {manager.py:997} INFO - 
================================================================================
DAG File Processing Stats

File Path                          PID    Runtime      # DAGs    # Errors  Last Runtime    Last Run               Last # of DB Queries
---------------------------------  -----  ---------  --------  ----------  --------------  -------------------  ----------------------
/opt/airflow/dags/new_approach.py                           0           1  0.65s           2025-02-14T10:03:41                       5
================================================================================
[2025-02-14T10:04:24.176+0000] {manager.py:997} INFO - 
================================================================================
DAG File Processing Stats

File Path                          PID    Runtime      # DAGs    # Errors  Last Runtime    Last Run               Last # of DB Queries
---------------------------------  -----  ---------  --------  ----------  --------------  -------------------  ----------------------
/opt/airflow/dags/new_approach.py                           0           1  0.74s           2025-02-14T10:04:12                       5
================================================================================
[2025-02-14T10:04:54.456+0000] {manager.py:997} INFO - 
================================================================================
DAG File Processing Stats

File Path                          PID    Runtime      # DAGs    # Errors  Last Runtime    Last Run               Last # of DB Queries
---------------------------------  -----  ---------  --------  ----------  --------------  -------------------  ----------------------
/opt/airflow/dags/new_approach.py                           0           1  0.70s           2025-02-14T10:04:43                       5
================================================================================
[2025-02-14T10:05:24.701+0000] {manager.py:997} INFO - 
================================================================================
DAG File Processing Stats

File Path                          PID    Runtime      # DAGs    # Errors  Last Runtime    Last Run               Last # of DB Queries
---------------------------------  -----  ---------  --------  ----------  --------------  -------------------  ----------------------
/opt/airflow/dags/new_approach.py                           0           1  1.03s           2025-02-14T10:05:14                       5
================================================================================
[2025-02-14T10:05:54.899+0000] {manager.py:997} INFO - 
================================================================================
DAG File Processing Stats

File Path                          PID    Runtime      # DAGs    # Errors  Last Runtime    Last Run               Last # of DB Queries
---------------------------------  -----  ---------  --------  ----------  --------------  -------------------  ----------------------
/opt/airflow/dags/new_approach.py                           0           1  0.56s           2025-02-14T10:05:45                       5
================================================================================
[2025-02-14T10:06:24.945+0000] {manager.py:997} INFO - 
================================================================================
DAG File Processing Stats

File Path                          PID    Runtime      # DAGs    # Errors  Last Runtime    Last Run               Last # of DB Queries
---------------------------------  -----  ---------  --------  ----------  --------------  -------------------  ----------------------
/opt/airflow/dags/new_approach.py                           0           1  1.39s           2025-02-14T10:06:16                       5
================================================================================
[2025-02-14T10:06:55.127+0000] {manager.py:997} INFO - 
================================================================================
DAG File Processing Stats

File Path                          PID    Runtime      # DAGs    # Errors  Last Runtime    Last Run               Last # of DB Queries
---------------------------------  -----  ---------  --------  ----------  --------------  -------------------  ----------------------
/opt/airflow/dags/new_approach.py                           0           1  2.02s           2025-02-14T10:06:49                       5
================================================================================
[2025-02-14T10:07:25.582+0000] {manager.py:997} INFO - 
================================================================================
DAG File Processing Stats

File Path                          PID    Runtime      # DAGs    # Errors  Last Runtime    Last Run               Last # of DB Queries
---------------------------------  -----  ---------  --------  ----------  --------------  -------------------  ----------------------
/opt/airflow/dags/new_approach.py                           0           1  0.71s           2025-02-14T10:07:20                       5
================================================================================
[2025-02-14T10:07:55.810+0000] {manager.py:997} INFO - 
================================================================================
DAG File Processing Stats

File Path                          PID    Runtime      # DAGs    # Errors  Last Runtime    Last Run               Last # of DB Queries
---------------------------------  -----  ---------  --------  ----------  --------------  -------------------  ----------------------
/opt/airflow/dags/new_approach.py                           0           1  0.54s           2025-02-14T10:07:50                       5
================================================================================
[2025-02-14T10:08:10.911+0000] {manager.py:821} INFO - Searching for files in /opt/airflow/dags
[2025-02-14T10:08:10.933+0000] {manager.py:824} INFO - There are 1 files in /opt/airflow/dags
[2025-02-14T10:08:26.089+0000] {manager.py:997} INFO - 
================================================================================
DAG File Processing Stats

File Path                          PID    Runtime      # DAGs    # Errors  Last Runtime    Last Run               Last # of DB Queries
---------------------------------  -----  ---------  --------  ----------  --------------  -------------------  ----------------------
/opt/airflow/dags/new_approach.py                           0           1  0.56s           2025-02-14T10:08:21                       5
================================================================================
[2025-02-14T10:08:56.305+0000] {manager.py:997} INFO - 
================================================================================
DAG File Processing Stats

File Path                          PID    Runtime      # DAGs    # Errors  Last Runtime    Last Run               Last # of DB Queries
---------------------------------  -----  ---------  --------  ----------  --------------  -------------------  ----------------------
/opt/airflow/dags/new_approach.py                           0           1  0.78s           2025-02-14T10:08:52                       5
================================================================================
[2025-02-14T10:09:26.470+0000] {manager.py:997} INFO - 
================================================================================
DAG File Processing Stats

File Path                          PID    Runtime      # DAGs    # Errors  Last Runtime    Last Run               Last # of DB Queries
---------------------------------  -----  ---------  --------  ----------  --------------  -------------------  ----------------------
/opt/airflow/dags/new_approach.py                           0           1  0.58s           2025-02-14T10:09:23                       5
================================================================================
[2025-02-14T10:09:57.015+0000] {manager.py:997} INFO - 
================================================================================
DAG File Processing Stats

File Path                          PID    Runtime      # DAGs    # Errors  Last Runtime    Last Run               Last # of DB Queries
---------------------------------  -----  ---------  --------  ----------  --------------  -------------------  ----------------------
/opt/airflow/dags/new_approach.py                           0           1  1.19s           2025-02-14T10:09:55                       5
================================================================================
[2025-02-14T10:10:06.318+0000] {manager.py:465} INFO - Exiting gracefully upon receiving signal 15
